[2018-03-08 11:22:17,704] DEBUG preRegister called. Server=com.sun.jmx.mbeanserver.JmxMBeanServer@66d3c617, name=log4j:logger=kafka.controller (kafka.controller)
[2018-03-08 11:23:35,826] DEBUG preRegister called. Server=com.sun.jmx.mbeanserver.JmxMBeanServer@66d3c617, name=log4j:logger=kafka.controller (kafka.controller)
[2018-03-08 11:23:54,090] DEBUG preRegister called. Server=com.sun.jmx.mbeanserver.JmxMBeanServer@66d3c617, name=log4j:logger=kafka.controller (kafka.controller)
[2018-03-08 11:25:22,207] INFO [controller-event-thread]: Starting (kafka.controller.ControllerEventManager$ControllerEventThread)
[2018-03-08 11:25:22,316] INFO [Controller id=0] 0 successfully elected as the controller (kafka.controller.KafkaController)
[2018-03-08 11:25:22,330] INFO [Controller id=0] Starting become controller state transition (kafka.controller.KafkaController)
[2018-03-08 11:25:22,394] INFO [Controller id=0] Incremented epoch to 1 (kafka.controller.KafkaController)
[2018-03-08 11:25:22,411] DEBUG [Controller id=0] Registering IsrChangeNotificationListener (kafka.controller.KafkaController)
[2018-03-08 11:25:22,442] DEBUG [Controller id=0] Registering logDirEventNotificationListener (kafka.controller.KafkaController)
[2018-03-08 11:25:22,589] INFO [Controller id=0] Partitions being reassigned: Map() (kafka.controller.KafkaController)
[2018-03-08 11:25:22,589] INFO [Controller id=0] Partitions already reassigned: Set() (kafka.controller.KafkaController)
[2018-03-08 11:25:22,604] INFO [Controller id=0] Resuming reassignment of partitions: Map() (kafka.controller.KafkaController)
[2018-03-08 11:25:22,605] INFO [Controller id=0] Currently active brokers in the cluster: Set() (kafka.controller.KafkaController)
[2018-03-08 11:25:22,619] INFO [Controller id=0] Currently shutting brokers in the cluster: Set() (kafka.controller.KafkaController)
[2018-03-08 11:25:22,620] INFO [Controller id=0] Current list of topics in the cluster: Set() (kafka.controller.KafkaController)
[2018-03-08 11:25:22,623] INFO [Controller id=0] List of topics to be deleted:  (kafka.controller.KafkaController)
[2018-03-08 11:25:22,623] INFO [Controller id=0] List of topics ineligible for deletion:  (kafka.controller.KafkaController)
[2018-03-08 11:25:22,814] INFO [ReplicaStateMachine controllerId=0] Started replica state machine with initial state -> Map() (kafka.controller.ReplicaStateMachine)
[2018-03-08 11:25:22,817] INFO [PartitionStateMachine controllerId=0] Started partition state machine with initial state -> Map() (kafka.controller.PartitionStateMachine)
[2018-03-08 11:25:22,818] INFO [Controller id=0] Ready to serve as the new controller with epoch 1 (kafka.controller.KafkaController)
[2018-03-08 11:25:22,820] INFO [Controller id=0] Partitions undergoing preferred replica election:  (kafka.controller.KafkaController)
[2018-03-08 11:25:22,821] INFO [Controller id=0] Partitions that completed preferred replica election:  (kafka.controller.KafkaController)
[2018-03-08 11:25:22,821] INFO [Controller id=0] Skipping preferred replica election for partitions due to topic deletion:  (kafka.controller.KafkaController)
[2018-03-08 11:25:22,822] INFO [Controller id=0] Resuming preferred replica election for partitions:  (kafka.controller.KafkaController)
[2018-03-08 11:25:22,822] INFO [Controller id=0] Starting preferred replica leader election for partitions  (kafka.controller.KafkaController)
[2018-03-08 11:25:22,824] INFO [PartitionStateMachine controllerId=0] Invoking state change to OnlinePartition for partitions  (kafka.controller.PartitionStateMachine)
[2018-03-08 11:25:22,828] INFO [Controller id=0] Starting the controller scheduler (kafka.controller.KafkaController)
[2018-03-08 11:25:22,852] INFO [Controller id=0] Newly added brokers: 0, deleted brokers: , all live brokers: 0 (kafka.controller.KafkaController)
[2018-03-08 11:25:22,852] DEBUG [Channel manager on controller 0]: Controller 0 trying to connect to broker 0 (kafka.controller.ControllerChannelManager)
[2018-03-08 11:25:22,859] INFO [Controller-0-to-broker-0-send-thread]: Starting (kafka.controller.RequestSendThread)
[2018-03-08 11:25:22,860] INFO [Controller id=0] New broker startup callback for 0 (kafka.controller.KafkaController)
[2018-03-08 11:25:22,870] INFO [Controller-0-to-broker-0-send-thread]: Controller 0 connected to isura-HP-ENVY-15-Notebook-PC:9092 (id: 0 rack: null) for sending state change requests (kafka.controller.RequestSendThread)
[2018-03-08 11:25:27,831] TRACE [Controller id=0] Checking need to trigger auto leader balancing (kafka.controller.KafkaController)
[2018-03-08 11:25:27,834] DEBUG [Controller id=0] Preferred replicas by broker Map() (kafka.controller.KafkaController)
[2018-03-08 11:27:07,636] INFO [Controller id=0] New topics: [Set(test)], deleted topics: [Set()], new partition replica assignment [Map(test-0 -> Vector(0))] (kafka.controller.KafkaController)
[2018-03-08 11:27:07,637] INFO [Controller id=0] New topic creation callback for test-0 (kafka.controller.KafkaController)
[2018-03-08 11:27:07,639] INFO [Controller id=0] New partition creation callback for test-0 (kafka.controller.KafkaController)
[2018-03-08 11:27:07,639] INFO [PartitionStateMachine controllerId=0] Invoking state change to NewPartition for partitions test-0 (kafka.controller.PartitionStateMachine)
[2018-03-08 11:27:07,647] INFO [ReplicaStateMachine controllerId=0] Invoking state change to NewReplica for replicas [Topic=test,Partition=0,Replica=0] (kafka.controller.ReplicaStateMachine)
[2018-03-08 11:27:07,663] INFO [PartitionStateMachine controllerId=0] Invoking state change to OnlinePartition for partitions test-0 (kafka.controller.PartitionStateMachine)
[2018-03-08 11:27:07,663] DEBUG [PartitionStateMachine controllerId=0] Live assigned replicas for partition test-0 are: [List(0)] (kafka.controller.PartitionStateMachine)
[2018-03-08 11:27:07,665] DEBUG [PartitionStateMachine controllerId=0] Initializing leader and isr for partition test-0 to (Leader:0,ISR:0,LeaderEpoch:0,ControllerEpoch:1) (kafka.controller.PartitionStateMachine)
[2018-03-08 11:27:07,682] INFO [ReplicaStateMachine controllerId=0] Invoking state change to OnlineReplica for replicas [Topic=test,Partition=0,Replica=0] (kafka.controller.ReplicaStateMachine)
[2018-03-08 11:30:27,835] TRACE [Controller id=0] Checking need to trigger auto leader balancing (kafka.controller.KafkaController)
[2018-03-08 11:30:27,835] DEBUG [Controller id=0] Preferred replicas by broker Map(0 -> Map(test-0 -> Vector(0))) (kafka.controller.KafkaController)
[2018-03-08 11:30:27,838] DEBUG [Controller id=0] Topics not in preferred replica Map() (kafka.controller.KafkaController)
[2018-03-08 11:30:27,839] TRACE [Controller id=0] Leader imbalance ratio for broker 0 is 0.0 (kafka.controller.KafkaController)
[2018-03-08 11:35:27,839] TRACE [Controller id=0] Checking need to trigger auto leader balancing (kafka.controller.KafkaController)
[2018-03-08 11:35:27,840] DEBUG [Controller id=0] Preferred replicas by broker Map(0 -> Map(test-0 -> Vector(0))) (kafka.controller.KafkaController)
[2018-03-08 11:35:27,840] DEBUG [Controller id=0] Topics not in preferred replica Map() (kafka.controller.KafkaController)
[2018-03-08 11:35:27,840] TRACE [Controller id=0] Leader imbalance ratio for broker 0 is 0.0 (kafka.controller.KafkaController)
